2018-01-30 16:32:38,801 INFO       Module: D:/IGOR/PYTHON/python_lvl2/PROJECT/srv.py, function: cl_srv_options ==> START
2018-01-30 16:32:38,802 INFO       Module: D:/IGOR/PYTHON/python_lvl2/PROJECT/srv.py, function: cl_srv_options ==> END
2018-01-30 16:32:40,377 INFO       Module: D:/IGOR/PYTHON/python_lvl2/PROJECT/client.py, function: cl_client_options ==> START
2018-01-30 16:32:40,377 INFO       Module: D:/IGOR/PYTHON/python_lvl2/PROJECT/client.py, function: cl_client_options ==> END
2018-01-30 16:32:40,382 INFO       Module: D:/IGOR/PYTHON/python_lvl2/PROJECT/srv.py, function: send_msg ==> START
2018-01-30 16:32:40,382 INFO       Module: D:/IGOR/PYTHON/python_lvl2/PROJECT/srv.py, function: _convert_data ==> START
2018-01-30 16:32:40,382 INFO       Module: D:/IGOR/PYTHON/python_lvl2/PROJECT/srv.py, function: _convert_data ==> END
2018-01-30 16:32:40,382 INFO       Module: D:/IGOR/PYTHON/python_lvl2/PROJECT/srv.py, function: send_msg ==> END
2018-01-30 16:32:40,382 INFO       Module: D:/IGOR/PYTHON/python_lvl2/PROJECT/srv.py, function: get_msg ==> START
2018-01-30 16:32:40,383 INFO       Module: D:/IGOR/PYTHON/python_lvl2/PROJECT/client.py, function: get_msg ==> START
2018-01-30 16:32:40,384 INFO       Module: D:/IGOR/PYTHON/python_lvl2/PROJECT/client.py, function: _convert_data ==> START
2018-01-30 16:32:40,384 INFO       Module: D:/IGOR/PYTHON/python_lvl2/PROJECT/client.py, function: _convert_data ==> END
2018-01-30 16:32:40,384 INFO       Module: D:/IGOR/PYTHON/python_lvl2/PROJECT/client.py, function: get_msg ==> END
2018-01-30 16:32:54,151 INFO       Module: D:/IGOR/PYTHON/python_lvl2/PROJECT/client.py, function: send_msg ==> START
2018-01-30 16:32:54,151 INFO       Module: D:/IGOR/PYTHON/python_lvl2/PROJECT/client.py, function: _convert_data ==> START
2018-01-30 16:32:54,151 INFO       Module: D:/IGOR/PYTHON/python_lvl2/PROJECT/client.py, function: _convert_data ==> END
2018-01-30 16:32:54,152 INFO       Module: D:/IGOR/PYTHON/python_lvl2/PROJECT/client.py, function: send_msg ==> END
2018-01-30 16:32:54,152 INFO       Module: D:/IGOR/PYTHON/python_lvl2/PROJECT/client.py, function: get_msg ==> START
2018-01-30 16:32:54,152 INFO       Module: D:/IGOR/PYTHON/python_lvl2/PROJECT/srv.py, function: _convert_data ==> START
2018-01-30 16:32:54,152 INFO       Module: D:/IGOR/PYTHON/python_lvl2/PROJECT/srv.py, function: _convert_data ==> END
2018-01-30 16:32:54,152 INFO       Module: D:/IGOR/PYTHON/python_lvl2/PROJECT/srv.py, function: get_msg ==> END
2018-01-30 16:32:55,152 INFO       Module: D:/IGOR/PYTHON/python_lvl2/PROJECT/srv.py, function: send_msg ==> START
2018-01-30 16:32:55,152 INFO       Module: D:/IGOR/PYTHON/python_lvl2/PROJECT/srv.py, function: _convert_data ==> START
2018-01-30 16:32:55,152 INFO       Module: D:/IGOR/PYTHON/python_lvl2/PROJECT/srv.py, function: _convert_data ==> END
2018-01-30 16:32:55,152 INFO       Module: D:/IGOR/PYTHON/python_lvl2/PROJECT/srv.py, function: send_msg ==> END
2018-01-30 16:32:55,152 INFO       Module: D:/IGOR/PYTHON/python_lvl2/PROJECT/srv.py, function: get_msg ==> START
2018-01-30 16:32:55,152 INFO       Module: D:/IGOR/PYTHON/python_lvl2/PROJECT/client.py, function: _convert_data ==> START
2018-01-30 16:32:55,152 INFO       Module: D:/IGOR/PYTHON/python_lvl2/PROJECT/client.py, function: _convert_data ==> END
2018-01-30 16:32:55,152 INFO       Module: D:/IGOR/PYTHON/python_lvl2/PROJECT/client.py, function: get_msg ==> END
2018-01-30 16:33:49,084 INFO       Module: D:/IGOR/PYTHON/python_lvl2/PROJECT/client.py, function: send_msg ==> START
2018-01-30 16:33:49,084 INFO       Module: D:/IGOR/PYTHON/python_lvl2/PROJECT/client.py, function: _convert_data ==> START
2018-01-30 16:33:49,085 INFO       Module: D:/IGOR/PYTHON/python_lvl2/PROJECT/client.py, function: _convert_data ==> END
2018-01-30 16:33:49,085 INFO       Module: D:/IGOR/PYTHON/python_lvl2/PROJECT/client.py, function: send_msg ==> END
2018-01-30 16:33:49,085 INFO       Module: D:/IGOR/PYTHON/python_lvl2/PROJECT/client.py, function: get_msg ==> START
2018-01-30 16:33:49,085 INFO       Module: D:/IGOR/PYTHON/python_lvl2/PROJECT/srv.py, function: _convert_data ==> START
2018-01-30 16:33:49,085 INFO       Module: D:/IGOR/PYTHON/python_lvl2/PROJECT/srv.py, function: _convert_data ==> END
2018-01-30 16:33:49,085 INFO       Module: D:/IGOR/PYTHON/python_lvl2/PROJECT/srv.py, function: get_msg ==> END
2018-01-30 16:33:50,085 INFO       Module: D:/IGOR/PYTHON/python_lvl2/PROJECT/srv.py, function: send_msg ==> START
2018-01-30 16:33:50,085 INFO       Module: D:/IGOR/PYTHON/python_lvl2/PROJECT/srv.py, function: _convert_data ==> START
2018-01-30 16:33:50,085 INFO       Module: D:/IGOR/PYTHON/python_lvl2/PROJECT/srv.py, function: _convert_data ==> END
2018-01-30 16:33:50,085 INFO       Module: D:/IGOR/PYTHON/python_lvl2/PROJECT/srv.py, function: send_msg ==> END
2018-01-30 16:33:50,085 INFO       Module: D:/IGOR/PYTHON/python_lvl2/PROJECT/srv.py, function: get_msg ==> START
2018-01-30 16:33:50,085 INFO       Module: D:/IGOR/PYTHON/python_lvl2/PROJECT/client.py, function: _convert_data ==> START
2018-01-30 16:33:50,085 INFO       Module: D:/IGOR/PYTHON/python_lvl2/PROJECT/client.py, function: _convert_data ==> END
2018-01-30 16:33:50,085 INFO       Module: D:/IGOR/PYTHON/python_lvl2/PROJECT/client.py, function: get_msg ==> END
2018-01-30 16:34:04,976 ERROR      Module: D:/IGOR/PYTHON/python_lvl2/PROJECT/srv.py, function: get_msg, error: [WinError 10054] Удаленный хост принудительно разорвал существующее подключение
2018-01-30 16:34:05,637 INFO       Module: D:/IGOR/PYTHON/python_lvl2/PROJECT/client.py, function: cl_client_options ==> START
2018-01-30 16:34:05,640 INFO       Module: D:/IGOR/PYTHON/python_lvl2/PROJECT/client.py, function: cl_client_options ==> END
2018-01-30 16:34:08,179 INFO       Module: D:/IGOR/PYTHON/python_lvl2/PROJECT/srv.py, function: cl_srv_options ==> START
2018-01-30 16:34:08,180 INFO       Module: D:/IGOR/PYTHON/python_lvl2/PROJECT/srv.py, function: cl_srv_options ==> END
2018-01-30 16:34:09,920 INFO       Module: D:/IGOR/PYTHON/python_lvl2/PROJECT/client.py, function: cl_client_options ==> START
2018-01-30 16:34:09,920 INFO       Module: D:/IGOR/PYTHON/python_lvl2/PROJECT/client.py, function: cl_client_options ==> END
2018-01-30 16:34:09,924 INFO       Module: D:/IGOR/PYTHON/python_lvl2/PROJECT/client.py, function: get_msg ==> START
2018-01-30 16:34:09,924 INFO       Module: D:/IGOR/PYTHON/python_lvl2/PROJECT/srv.py, function: send_msg ==> START
2018-01-30 16:34:09,924 INFO       Module: D:/IGOR/PYTHON/python_lvl2/PROJECT/srv.py, function: _convert_data ==> START
2018-01-30 16:34:09,925 INFO       Module: D:/IGOR/PYTHON/python_lvl2/PROJECT/srv.py, function: _convert_data ==> END
2018-01-30 16:34:09,925 INFO       Module: D:/IGOR/PYTHON/python_lvl2/PROJECT/srv.py, function: send_msg ==> END
2018-01-30 16:34:09,925 INFO       Module: D:/IGOR/PYTHON/python_lvl2/PROJECT/srv.py, function: get_msg ==> START
2018-01-30 16:34:09,925 INFO       Module: D:/IGOR/PYTHON/python_lvl2/PROJECT/client.py, function: _convert_data ==> START
2018-01-30 16:34:09,925 INFO       Module: D:/IGOR/PYTHON/python_lvl2/PROJECT/client.py, function: _convert_data ==> END
2018-01-30 16:34:09,925 INFO       Module: D:/IGOR/PYTHON/python_lvl2/PROJECT/client.py, function: get_msg ==> END
2018-01-30 16:34:18,690 INFO       Module: D:/IGOR/PYTHON/python_lvl2/PROJECT/client.py, function: send_msg ==> START
2018-01-30 16:34:18,690 INFO       Module: D:/IGOR/PYTHON/python_lvl2/PROJECT/client.py, function: _convert_data ==> START
2018-01-30 16:34:18,690 INFO       Module: D:/IGOR/PYTHON/python_lvl2/PROJECT/client.py, function: _convert_data ==> END
2018-01-30 16:34:18,690 INFO       Module: D:/IGOR/PYTHON/python_lvl2/PROJECT/client.py, function: send_msg ==> END
2018-01-30 16:34:18,690 INFO       Module: D:/IGOR/PYTHON/python_lvl2/PROJECT/client.py, function: get_msg ==> START
2018-01-30 16:34:18,690 INFO       Module: D:/IGOR/PYTHON/python_lvl2/PROJECT/srv.py, function: _convert_data ==> START
2018-01-30 16:34:18,691 INFO       Module: D:/IGOR/PYTHON/python_lvl2/PROJECT/srv.py, function: _convert_data ==> END
2018-01-30 16:34:18,691 INFO       Module: D:/IGOR/PYTHON/python_lvl2/PROJECT/srv.py, function: get_msg ==> END
2018-01-30 16:34:19,691 INFO       Module: D:/IGOR/PYTHON/python_lvl2/PROJECT/srv.py, function: send_msg ==> START
2018-01-30 16:34:19,691 INFO       Module: D:/IGOR/PYTHON/python_lvl2/PROJECT/srv.py, function: _convert_data ==> START
2018-01-30 16:34:19,691 INFO       Module: D:/IGOR/PYTHON/python_lvl2/PROJECT/srv.py, function: _convert_data ==> END
2018-01-30 16:34:19,691 INFO       Module: D:/IGOR/PYTHON/python_lvl2/PROJECT/srv.py, function: send_msg ==> END
2018-01-30 16:34:19,691 INFO       Module: D:/IGOR/PYTHON/python_lvl2/PROJECT/srv.py, function: get_msg ==> START
2018-01-30 16:34:19,691 INFO       Module: D:/IGOR/PYTHON/python_lvl2/PROJECT/client.py, function: _convert_data ==> START
2018-01-30 16:34:19,691 INFO       Module: D:/IGOR/PYTHON/python_lvl2/PROJECT/client.py, function: _convert_data ==> END
2018-01-30 16:34:19,691 INFO       Module: D:/IGOR/PYTHON/python_lvl2/PROJECT/client.py, function: get_msg ==> END
2018-01-30 16:34:37,851 INFO       Module: D:/IGOR/PYTHON/python_lvl2/PROJECT/client.py, function: send_msg ==> START
2018-01-30 16:34:37,851 INFO       Module: D:/IGOR/PYTHON/python_lvl2/PROJECT/client.py, function: _convert_data ==> START
2018-01-30 16:34:37,851 INFO       Module: D:/IGOR/PYTHON/python_lvl2/PROJECT/client.py, function: _convert_data ==> END
2018-01-30 16:34:37,851 INFO       Module: D:/IGOR/PYTHON/python_lvl2/PROJECT/client.py, function: send_msg ==> END
2018-01-30 16:34:37,852 INFO       Module: D:/IGOR/PYTHON/python_lvl2/PROJECT/client.py, function: get_msg ==> START
2018-01-30 16:34:37,851 INFO       Module: D:/IGOR/PYTHON/python_lvl2/PROJECT/srv.py, function: _convert_data ==> START
2018-01-30 16:34:37,852 INFO       Module: D:/IGOR/PYTHON/python_lvl2/PROJECT/srv.py, function: _convert_data ==> END
2018-01-30 16:34:37,852 INFO       Module: D:/IGOR/PYTHON/python_lvl2/PROJECT/srv.py, function: get_msg ==> END
2018-01-30 16:34:38,852 INFO       Module: D:/IGOR/PYTHON/python_lvl2/PROJECT/srv.py, function: send_msg ==> START
2018-01-30 16:34:38,852 INFO       Module: D:/IGOR/PYTHON/python_lvl2/PROJECT/srv.py, function: _convert_data ==> START
2018-01-30 16:34:38,852 INFO       Module: D:/IGOR/PYTHON/python_lvl2/PROJECT/srv.py, function: _convert_data ==> END
2018-01-30 16:34:38,852 INFO       Module: D:/IGOR/PYTHON/python_lvl2/PROJECT/srv.py, function: send_msg ==> END
2018-01-30 16:34:38,852 INFO       Module: D:/IGOR/PYTHON/python_lvl2/PROJECT/srv.py, function: get_msg ==> START
2018-01-30 16:34:38,852 INFO       Module: D:/IGOR/PYTHON/python_lvl2/PROJECT/client.py, function: _convert_data ==> START
2018-01-30 16:34:38,852 INFO       Module: D:/IGOR/PYTHON/python_lvl2/PROJECT/client.py, function: _convert_data ==> END
2018-01-30 16:34:38,852 INFO       Module: D:/IGOR/PYTHON/python_lvl2/PROJECT/client.py, function: get_msg ==> END
2018-01-30 16:34:47,723 INFO       Module: D:/IGOR/PYTHON/python_lvl2/PROJECT/client.py, function: send_msg ==> START
2018-01-30 16:34:47,723 INFO       Module: D:/IGOR/PYTHON/python_lvl2/PROJECT/client.py, function: _convert_data ==> START
2018-01-30 16:34:47,723 INFO       Module: D:/IGOR/PYTHON/python_lvl2/PROJECT/client.py, function: _convert_data ==> END
2018-01-30 16:34:47,723 INFO       Module: D:/IGOR/PYTHON/python_lvl2/PROJECT/client.py, function: send_msg ==> END
2018-01-30 16:34:47,724 INFO       Module: D:/IGOR/PYTHON/python_lvl2/PROJECT/client.py, function: get_msg ==> START
2018-01-30 16:34:47,724 INFO       Module: D:/IGOR/PYTHON/python_lvl2/PROJECT/srv.py, function: _convert_data ==> START
2018-01-30 16:34:47,724 INFO       Module: D:/IGOR/PYTHON/python_lvl2/PROJECT/srv.py, function: _convert_data ==> END
2018-01-30 16:34:47,724 INFO       Module: D:/IGOR/PYTHON/python_lvl2/PROJECT/srv.py, function: get_msg ==> END
2018-01-30 16:34:48,724 INFO       Module: D:/IGOR/PYTHON/python_lvl2/PROJECT/srv.py, function: send_msg ==> START
2018-01-30 16:34:48,724 INFO       Module: D:/IGOR/PYTHON/python_lvl2/PROJECT/srv.py, function: _convert_data ==> START
2018-01-30 16:34:48,724 INFO       Module: D:/IGOR/PYTHON/python_lvl2/PROJECT/srv.py, function: _convert_data ==> END
2018-01-30 16:34:48,724 INFO       Module: D:/IGOR/PYTHON/python_lvl2/PROJECT/srv.py, function: send_msg ==> END
2018-01-30 16:34:48,724 INFO       Module: D:/IGOR/PYTHON/python_lvl2/PROJECT/srv.py, function: get_msg ==> START
2018-01-30 16:34:48,724 INFO       Module: D:/IGOR/PYTHON/python_lvl2/PROJECT/client.py, function: _convert_data ==> START
2018-01-30 16:34:48,724 INFO       Module: D:/IGOR/PYTHON/python_lvl2/PROJECT/client.py, function: _convert_data ==> END
2018-01-30 16:34:48,724 INFO       Module: D:/IGOR/PYTHON/python_lvl2/PROJECT/client.py, function: get_msg ==> END
2018-01-30 16:35:04,489 INFO       Module: D:/IGOR/PYTHON/python_lvl2/PROJECT/client.py, function: send_msg ==> START
2018-01-30 16:35:04,489 INFO       Module: D:/IGOR/PYTHON/python_lvl2/PROJECT/client.py, function: _convert_data ==> START
2018-01-30 16:35:04,489 INFO       Module: D:/IGOR/PYTHON/python_lvl2/PROJECT/client.py, function: _convert_data ==> END
2018-01-30 16:35:04,489 INFO       Module: D:/IGOR/PYTHON/python_lvl2/PROJECT/client.py, function: send_msg ==> END
2018-01-30 16:35:04,490 INFO       Module: D:/IGOR/PYTHON/python_lvl2/PROJECT/client.py, function: get_msg ==> START
2018-01-30 16:35:04,490 INFO       Module: D:/IGOR/PYTHON/python_lvl2/PROJECT/srv.py, function: _convert_data ==> START
2018-01-30 16:35:04,490 INFO       Module: D:/IGOR/PYTHON/python_lvl2/PROJECT/srv.py, function: _convert_data ==> END
2018-01-30 16:35:04,490 INFO       Module: D:/IGOR/PYTHON/python_lvl2/PROJECT/srv.py, function: get_msg ==> END
2018-01-30 16:35:05,490 INFO       Module: D:/IGOR/PYTHON/python_lvl2/PROJECT/srv.py, function: send_msg ==> START
2018-01-30 16:35:05,490 INFO       Module: D:/IGOR/PYTHON/python_lvl2/PROJECT/srv.py, function: _convert_data ==> START
2018-01-30 16:35:05,490 INFO       Module: D:/IGOR/PYTHON/python_lvl2/PROJECT/srv.py, function: _convert_data ==> END
2018-01-30 16:35:05,490 INFO       Module: D:/IGOR/PYTHON/python_lvl2/PROJECT/srv.py, function: send_msg ==> END
2018-01-30 16:35:05,490 INFO       Module: D:/IGOR/PYTHON/python_lvl2/PROJECT/srv.py, function: get_msg ==> START
2018-01-30 16:35:05,490 INFO       Module: D:/IGOR/PYTHON/python_lvl2/PROJECT/client.py, function: _convert_data ==> START
2018-01-30 16:35:05,490 INFO       Module: D:/IGOR/PYTHON/python_lvl2/PROJECT/client.py, function: _convert_data ==> END
2018-01-30 16:35:05,490 INFO       Module: D:/IGOR/PYTHON/python_lvl2/PROJECT/client.py, function: get_msg ==> END
2018-01-30 16:35:42,717 INFO       Module: D:/IGOR/PYTHON/python_lvl2/PROJECT/srv.py, function: cl_srv_options ==> START
2018-01-30 16:35:42,718 INFO       Module: D:/IGOR/PYTHON/python_lvl2/PROJECT/srv.py, function: cl_srv_options ==> END
2018-01-30 16:35:44,524 INFO       Module: D:/IGOR/PYTHON/python_lvl2/PROJECT/client.py, function: cl_client_options ==> START
2018-01-30 16:35:44,524 INFO       Module: D:/IGOR/PYTHON/python_lvl2/PROJECT/client.py, function: cl_client_options ==> END
2018-01-30 16:35:44,528 INFO       Module: D:/IGOR/PYTHON/python_lvl2/PROJECT/client.py, function: get_msg ==> START
2018-01-30 16:35:44,528 INFO       Module: D:/IGOR/PYTHON/python_lvl2/PROJECT/srv.py, function: send_msg ==> START
2018-01-30 16:35:44,529 INFO       Module: D:/IGOR/PYTHON/python_lvl2/PROJECT/srv.py, function: _convert_data ==> START
2018-01-30 16:35:44,529 INFO       Module: D:/IGOR/PYTHON/python_lvl2/PROJECT/srv.py, function: _convert_data ==> END
2018-01-30 16:35:44,529 INFO       Module: D:/IGOR/PYTHON/python_lvl2/PROJECT/srv.py, function: send_msg ==> END
2018-01-30 16:35:44,529 INFO       Module: D:/IGOR/PYTHON/python_lvl2/PROJECT/srv.py, function: get_msg ==> START
2018-01-30 16:35:44,529 INFO       Module: D:/IGOR/PYTHON/python_lvl2/PROJECT/client.py, function: _convert_data ==> START
2018-01-30 16:35:44,529 INFO       Module: D:/IGOR/PYTHON/python_lvl2/PROJECT/client.py, function: _convert_data ==> END
2018-01-30 16:35:44,529 INFO       Module: D:/IGOR/PYTHON/python_lvl2/PROJECT/client.py, function: get_msg ==> END
2018-01-30 16:35:50,038 INFO       Module: D:/IGOR/PYTHON/python_lvl2/PROJECT/client.py, function: send_msg ==> START
2018-01-30 16:35:50,038 INFO       Module: D:/IGOR/PYTHON/python_lvl2/PROJECT/client.py, function: _convert_data ==> START
2018-01-30 16:35:50,039 INFO       Module: D:/IGOR/PYTHON/python_lvl2/PROJECT/client.py, function: _convert_data ==> END
2018-01-30 16:35:50,039 INFO       Module: D:/IGOR/PYTHON/python_lvl2/PROJECT/client.py, function: send_msg ==> END
2018-01-30 16:35:50,039 INFO       Module: D:/IGOR/PYTHON/python_lvl2/PROJECT/client.py, function: get_msg ==> START
2018-01-30 16:35:50,039 INFO       Module: D:/IGOR/PYTHON/python_lvl2/PROJECT/srv.py, function: _convert_data ==> START
2018-01-30 16:35:50,039 INFO       Module: D:/IGOR/PYTHON/python_lvl2/PROJECT/srv.py, function: _convert_data ==> END
2018-01-30 16:35:50,039 INFO       Module: D:/IGOR/PYTHON/python_lvl2/PROJECT/srv.py, function: get_msg ==> END
2018-01-30 16:35:51,040 INFO       Module: D:/IGOR/PYTHON/python_lvl2/PROJECT/srv.py, function: send_msg ==> START
2018-01-30 16:35:51,040 INFO       Module: D:/IGOR/PYTHON/python_lvl2/PROJECT/srv.py, function: _convert_data ==> START
2018-01-30 16:35:51,040 INFO       Module: D:/IGOR/PYTHON/python_lvl2/PROJECT/srv.py, function: _convert_data ==> END
2018-01-30 16:35:51,040 INFO       Module: D:/IGOR/PYTHON/python_lvl2/PROJECT/srv.py, function: send_msg ==> END
2018-01-30 16:35:51,040 INFO       Module: D:/IGOR/PYTHON/python_lvl2/PROJECT/srv.py, function: get_msg ==> START
2018-01-30 16:35:51,040 INFO       Module: D:/IGOR/PYTHON/python_lvl2/PROJECT/client.py, function: _convert_data ==> START
2018-01-30 16:35:51,040 INFO       Module: D:/IGOR/PYTHON/python_lvl2/PROJECT/client.py, function: _convert_data ==> END
2018-01-30 16:35:51,040 INFO       Module: D:/IGOR/PYTHON/python_lvl2/PROJECT/client.py, function: get_msg ==> END
2018-01-30 16:36:06,594 INFO       Module: D:/IGOR/PYTHON/python_lvl2/PROJECT/client.py, function: send_msg ==> START
2018-01-30 16:36:06,595 INFO       Module: D:/IGOR/PYTHON/python_lvl2/PROJECT/client.py, function: _convert_data ==> START
2018-01-30 16:36:06,595 INFO       Module: D:/IGOR/PYTHON/python_lvl2/PROJECT/client.py, function: _convert_data ==> END
2018-01-30 16:36:06,595 INFO       Module: D:/IGOR/PYTHON/python_lvl2/PROJECT/client.py, function: send_msg ==> END
2018-01-30 16:36:06,595 INFO       Module: D:/IGOR/PYTHON/python_lvl2/PROJECT/client.py, function: get_msg ==> START
2018-01-30 16:36:06,595 INFO       Module: D:/IGOR/PYTHON/python_lvl2/PROJECT/srv.py, function: _convert_data ==> START
2018-01-30 16:36:06,596 INFO       Module: D:/IGOR/PYTHON/python_lvl2/PROJECT/srv.py, function: _convert_data ==> END
2018-01-30 16:36:06,596 INFO       Module: D:/IGOR/PYTHON/python_lvl2/PROJECT/srv.py, function: get_msg ==> END
2018-01-30 16:36:07,596 INFO       Module: D:/IGOR/PYTHON/python_lvl2/PROJECT/srv.py, function: send_msg ==> START
2018-01-30 16:36:07,596 INFO       Module: D:/IGOR/PYTHON/python_lvl2/PROJECT/srv.py, function: _convert_data ==> START
2018-01-30 16:36:07,596 INFO       Module: D:/IGOR/PYTHON/python_lvl2/PROJECT/srv.py, function: _convert_data ==> END
2018-01-30 16:36:07,597 INFO       Module: D:/IGOR/PYTHON/python_lvl2/PROJECT/srv.py, function: send_msg ==> END
2018-01-30 16:36:07,597 INFO       Module: D:/IGOR/PYTHON/python_lvl2/PROJECT/client.py, function: _convert_data ==> START
2018-01-30 16:36:07,597 INFO       Module: D:/IGOR/PYTHON/python_lvl2/PROJECT/srv.py, function: get_msg ==> START
2018-01-30 16:36:07,597 INFO       Module: D:/IGOR/PYTHON/python_lvl2/PROJECT/client.py, function: _convert_data ==> END
2018-01-30 16:36:07,597 INFO       Module: D:/IGOR/PYTHON/python_lvl2/PROJECT/client.py, function: get_msg ==> END
